<?xml version="1.0" encoding="UTF-8" ?>
<testsuite tests="98" failures="0" name="zipcodeproject.zipcode.range.ZipCodeRangeTest" time="0.158" errors="0" skipped="0">
  <properties>
    <property name="java.runtime.name" value="Java(TM) SE Runtime Environment"/>
    <property name="sun.boot.library.path" value="C:\Program Files\Java\jdk1.8.0_25\jre\bin"/>
    <property name="java.vm.version" value="25.25-b02"/>
    <property name="java.vm.vendor" value="Oracle Corporation"/>
    <property name="maven.multiModuleProjectDirectory" value="C:\Users\manju-laptop\workspace\zipcode"/>
    <property name="java.vendor.url" value="http://java.oracle.com/"/>
    <property name="path.separator" value=";"/>
    <property name="guice.disable.misplaced.annotation.check" value="true"/>
    <property name="java.vm.name" value="Java HotSpot(TM) 64-Bit Server VM"/>
    <property name="file.encoding.pkg" value="sun.io"/>
    <property name="user.script" value=""/>
    <property name="user.country" value="US"/>
    <property name="sun.java.launcher" value="SUN_STANDARD"/>
    <property name="sun.os.patch.level" value=""/>
    <property name="java.vm.specification.name" value="Java Virtual Machine Specification"/>
    <property name="user.dir" value="C:\Users\manju-laptop\workspace\zipcode"/>
    <property name="java.runtime.version" value="1.8.0_25-b18"/>
    <property name="java.awt.graphicsenv" value="sun.awt.Win32GraphicsEnvironment"/>
    <property name="java.endorsed.dirs" value="C:\Program Files\Java\jdk1.8.0_25\jre\lib\endorsed"/>
    <property name="os.arch" value="amd64"/>
    <property name="java.io.tmpdir" value="C:\Users\MANJU-~1\AppData\Local\Temp\"/>
    <property name="line.separator" value="
"/>
    <property name="java.vm.specification.vendor" value="Oracle Corporation"/>
    <property name="user.variant" value=""/>
    <property name="os.name" value="Windows 8.1"/>
    <property name="classworlds.conf" value="C:\Users\manju-laptop\workspace\.metadata\.plugins\org.eclipse.m2e.launching\launches\m2conf4897079481030633813.tmp"/>
    <property name="sun.jnu.encoding" value="Cp1252"/>
    <property name="java.library.path" value="C:\Program Files\Java\jdk1.8.0_25\bin;C:\WINDOWS\Sun\Java\bin;C:\WINDOWS\system32;C:\WINDOWS;C:\ProgramData\Oracle\Java\javapath;C:\Program Files (x86)\Intel\iCLS Client\;C:\Program Files\Intel\iCLS Client\;C:\WINDOWS\system32;C:\WINDOWS;C:\WINDOWS\System32\Wbem;C:\WINDOWS\System32\WindowsPowerShell\v1.0\;C:\Program Files (x86)\Intel\Intel(R) Management Engine Components\DAL;C:\Program Files\Intel\Intel(R) Management Engine Components\DAL;C:\Program Files (x86)\Intel\Intel(R) Management Engine Components\IPT;C:\Program Files\Intel\Intel(R) Management Engine Components\IPT;C:\Program Files\Intel\WiFi\bin\;C:\Program Files\Common Files\Intel\WirelessCommon\;C:\Program Files\Git\cmd;C:\WINDOWS\System32\OpenSSH\;C:\Users\manju-laptop\AppData\Local\Microsoft\WindowsApps;;."/>
    <property name="java.specification.name" value="Java Platform API Specification"/>
    <property name="java.class.version" value="52.0"/>
    <property name="sun.management.compiler" value="HotSpot 64-Bit Tiered Compilers"/>
    <property name="os.version" value="6.3"/>
    <property name="user.home" value="C:\Users\manju-laptop"/>
    <property name="user.timezone" value="Asia/Calcutta"/>
    <property name="java.awt.printerjob" value="sun.awt.windows.WPrinterJob"/>
    <property name="java.specification.version" value="1.8"/>
    <property name="file.encoding" value="Cp1252"/>
    <property name="user.name" value="manju-laptop"/>
    <property name="java.class.path" value="/C:/Users/manju-laptop/eclipse/jee-neon/eclipse/../../../.p2/pool/plugins/org.eclipse.m2e.maven.runtime_1.7.0.20160603-1931/jars/plexus-classworlds-2.5.2.jar"/>
    <property name="java.vm.specification.version" value="1.8"/>
    <property name="sun.arch.data.model" value="64"/>
    <property name="java.home" value="C:\Program Files\Java\jdk1.8.0_25\jre"/>
    <property name="sun.java.command" value="org.codehaus.plexus.classworlds.launcher.Launcher -B install"/>
    <property name="java.specification.vendor" value="Oracle Corporation"/>
    <property name="user.language" value="en"/>
    <property name="awt.toolkit" value="sun.awt.windows.WToolkit"/>
    <property name="java.vm.info" value="mixed mode"/>
    <property name="java.version" value="1.8.0_25"/>
    <property name="java.ext.dirs" value="C:\Program Files\Java\jdk1.8.0_25\jre\lib\ext;C:\WINDOWS\Sun\Java\lib\ext"/>
    <property name="sun.boot.class.path" value="C:\Program Files\Java\jdk1.8.0_25\jre\lib\resources.jar;C:\Program Files\Java\jdk1.8.0_25\jre\lib\rt.jar;C:\Program Files\Java\jdk1.8.0_25\jre\lib\sunrsasign.jar;C:\Program Files\Java\jdk1.8.0_25\jre\lib\jsse.jar;C:\Program Files\Java\jdk1.8.0_25\jre\lib\jce.jar;C:\Program Files\Java\jdk1.8.0_25\jre\lib\charsets.jar;C:\Program Files\Java\jdk1.8.0_25\jre\lib\jfr.jar;C:\Program Files\Java\jdk1.8.0_25\jre\classes"/>
    <property name="java.vendor" value="Oracle Corporation"/>
    <property name="maven.home" value="C:\Users\manju-laptop\workspace\zipcode\EMBEDDED"/>
    <property name="file.separator" value="\"/>
    <property name="java.vendor.url.bug" value="http://bugreport.sun.com/bugreport/"/>
    <property name="sun.cpu.endian" value="little"/>
    <property name="sun.io.unicode.encoding" value="UnicodeLittle"/>
    <property name="sun.desktop" value="windows"/>
    <property name="sun.cpu.isalist" value="amd64"/>
  </properties>
  <testcase classname="zipcodeproject.zipcode.range.ZipCodeRangeTest" name="getRangeArray" time="0.094"/>
  <testcase classname="zipcodeproject.zipcode.range.ZipCodeRangeTest" name="checkMerge_mergeStartEqualRangeStartPlus1_mergeEndLessThanRangeEnd" time="0.002"/>
  <testcase classname="zipcodeproject.zipcode.range.ZipCodeRangeTest" name="createZipCodeRangeFromArray" time="0.003"/>
  <testcase classname="zipcodeproject.zipcode.range.ZipCodeRangeTest" name="createZipCodeRangeFromStringReversed" time="0"/>
  <testcase classname="zipcodeproject.zipcode.range.ZipCodeRangeTest" name="checkMerge_mergeStartEqualRangeStartMinus1_mergeEndEqualRangeEndPlus1" time="0.001"/>
  <testcase classname="zipcodeproject.zipcode.range.ZipCodeRangeTest" name="createZipCodeRangeFromListWithEndTooLarge" time="0.014"/>
  <testcase classname="zipcodeproject.zipcode.range.ZipCodeRangeTest" name="createZipCodeRangeFromListThreeNumbers" time="0.001"/>
  <testcase classname="zipcodeproject.zipcode.range.ZipCodeRangeTest" name="checkMerge_mergeEndInRange" time="0"/>
  <testcase classname="zipcodeproject.zipcode.range.ZipCodeRangeTest" name="createZipCodeRangeFromArrayWithNegativeStart" time="0.001"/>
  <testcase classname="zipcodeproject.zipcode.range.ZipCodeRangeTest" name="getRangeStr" time="0"/>
  <testcase classname="zipcodeproject.zipcode.range.ZipCodeRangeTest" name="createZipCodeRangeFromStringSingleValue" time="0.001"/>
  <testcase classname="zipcodeproject.zipcode.range.ZipCodeRangeTest" name="createZipCodeRangeFromListOneNumber" time="0.001"/>
  <testcase classname="zipcodeproject.zipcode.range.ZipCodeRangeTest" name="createZipCodeRangeFromListNull" time="0.001"/>
  <testcase classname="zipcodeproject.zipcode.range.ZipCodeRangeTest" name="checkMerge_mergeStartEqualRangeStart_mergeEndLessThanRangeEnd" time="0"/>
  <testcase classname="zipcodeproject.zipcode.range.ZipCodeRangeTest" name="getStartValue" time="0"/>
  <testcase classname="zipcodeproject.zipcode.range.ZipCodeRangeTest" name="checkMerge_mergeStartAdjacentRange" time="0"/>
  <testcase classname="zipcodeproject.zipcode.range.ZipCodeRangeTest" name="checkMerge_mergeStartEqualRangeStart_mergeEndEqualRangeEndPlus1" time="0"/>
  <testcase classname="zipcodeproject.zipcode.range.ZipCodeRangeTest" name="checkMerge_mergeStartEqualRangeStartMinus1" time="0"/>
  <testcase classname="zipcodeproject.zipcode.range.ZipCodeRangeTest" name="checkMerge_mergeStartEqualRangeStartMinus2" time="0.001"/>
  <testcase classname="zipcodeproject.zipcode.range.ZipCodeRangeTest" name="checkMergeWithNull" time="0"/>
  <testcase classname="zipcodeproject.zipcode.range.ZipCodeRangeTest" name="mergeStartBeforeRangeStart_mergeEndEqualRangeStart" time="0"/>
  <testcase classname="zipcodeproject.zipcode.range.ZipCodeRangeTest" name="createZipCodeRangeFromStringWithOneNumber" time="0"/>
  <testcase classname="zipcodeproject.zipcode.range.ZipCodeRangeTest" name="getRangeStrWithPaddedZeroes" time="0"/>
  <testcase classname="zipcodeproject.zipcode.range.ZipCodeRangeTest" name="checkMerge_mergeStartInRange" time="0"/>
  <testcase classname="zipcodeproject.zipcode.range.ZipCodeRangeTest" name="mergeStartBeforeRangeStart_mergeEndEqualRangeEnd" time="0"/>
  <testcase classname="zipcodeproject.zipcode.range.ZipCodeRangeTest" name="createZipCodeRangeFromArrayWithNegativeEnd" time="0.001"/>
  <testcase classname="zipcodeproject.zipcode.range.ZipCodeRangeTest" name="createZipCodeRangeFromStringWithStartTooLarge" time="0.003"/>
  <testcase classname="zipcodeproject.zipcode.range.ZipCodeRangeTest" name="mergeStartEqualRangeEndMinus1_mergeEndEqualRangeEndPlus25" time="0"/>
  <testcase classname="zipcodeproject.zipcode.range.ZipCodeRangeTest" name="checkMerge_innerRangeWithOuter" time="0"/>
  <testcase classname="zipcodeproject.zipcode.range.ZipCodeRangeTest" name="mergeStartBeforeRangeStart_mergeEndEqualRangeStartMinus1" time="0"/>
  <testcase classname="zipcodeproject.zipcode.range.ZipCodeRangeTest" name="mergeStartBeforeRangeStart_mergeEndEqualRangeStartMinus2" time="0"/>
  <testcase classname="zipcodeproject.zipcode.range.ZipCodeRangeTest" name="createZipCodeRangeFromList" time="0"/>
  <testcase classname="zipcodeproject.zipcode.range.ZipCodeRangeTest" name="checkMerge_mergeStartEqualRangeStartMinus2_mergeEndEqualRangeEnd" time="0"/>
  <testcase classname="zipcodeproject.zipcode.range.ZipCodeRangeTest" name="createZipCodeRangeFromStringWithNegativeStart" time="0"/>
  <testcase classname="zipcodeproject.zipcode.range.ZipCodeRangeTest" name="createZipCodeRangeFromArrayOneNumber" time="0"/>
  <testcase classname="zipcodeproject.zipcode.range.ZipCodeRangeTest" name="createZipCodeRangeFromListFullRange" time="0.002"/>
  <testcase classname="zipcodeproject.zipcode.range.ZipCodeRangeTest" name="compareToGreaterThanEnd" time="0.006"/>
  <testcase classname="zipcodeproject.zipcode.range.ZipCodeRangeTest" name="checkMerge_outerRangeWithInner" time="0"/>
  <testcase classname="zipcodeproject.zipcode.range.ZipCodeRangeTest" name="createZipCodeRangeFromArraySingleValue" time="0"/>
  <testcase classname="zipcodeproject.zipcode.range.ZipCodeRangeTest" name="createZipCodeRangeFromStringEmpty" time="0"/>
  <testcase classname="zipcodeproject.zipcode.range.ZipCodeRangeTest" name="compareToLessThanEnd" time="0"/>
  <testcase classname="zipcodeproject.zipcode.range.ZipCodeRangeTest" name="checkMerge_mergeStartEqualRangeEndPlus1" time="0.004"/>
  <testcase classname="zipcodeproject.zipcode.range.ZipCodeRangeTest" name="checkMerge_mergeStartEqualRangeEndPlus2" time="0"/>
  <testcase classname="zipcodeproject.zipcode.range.ZipCodeRangeTest" name="compareToEqual" time="0"/>
  <testcase classname="zipcodeproject.zipcode.range.ZipCodeRangeTest" name="checkMerge_mergeStartEqualRangeEnd" time="0.001"/>
  <testcase classname="zipcodeproject.zipcode.range.ZipCodeRangeTest" name="getEndValue" time="0"/>
  <testcase classname="zipcodeproject.zipcode.range.ZipCodeRangeTest" name="createZipCodeRangeFromStringNoBracketsAndWhitespace" time="0"/>
  <testcase classname="zipcodeproject.zipcode.range.ZipCodeRangeTest" name="checkMerge_mergeEndEqualRangeEndPlus1" time="0"/>
  <testcase classname="zipcodeproject.zipcode.range.ZipCodeRangeTest" name="checkMerge_mergeEndEqualRangeEndPlus2" time="0"/>
  <testcase classname="zipcodeproject.zipcode.range.ZipCodeRangeTest" name="mergeStartEqualRangeEndPlus1_mergeEndEqualRangeEndPlus25" time="0.001"/>
  <testcase classname="zipcodeproject.zipcode.range.ZipCodeRangeTest" name="createZipCodeRangeFromArrayEmpty" time="0.001"/>
  <testcase classname="zipcodeproject.zipcode.range.ZipCodeRangeTest" name="createZipCodeRangeFromStringWithClosingBracket" time="0"/>
  <testcase classname="zipcodeproject.zipcode.range.ZipCodeRangeTest" name="createZipCodeRangeFromStringWithNegativeEnd" time="0"/>
  <testcase classname="zipcodeproject.zipcode.range.ZipCodeRangeTest" name="checkMerge_mergeStartEqualRangeStartPlus2_mergeEndEqualRangeEnd" time="0"/>
  <testcase classname="zipcodeproject.zipcode.range.ZipCodeRangeTest" name="createZipCodeRangeFromArrayWithEndTooLarge" time="0"/>
  <testcase classname="zipcodeproject.zipcode.range.ZipCodeRangeTest" name="compareToLessThanStart" time="0"/>
  <testcase classname="zipcodeproject.zipcode.range.ZipCodeRangeTest" name="checkMerge_mergeStartEqualRangeStart" time="0"/>
  <testcase classname="zipcodeproject.zipcode.range.ZipCodeRangeTest" name="checkMerge_rangeEndInMerge" time="0"/>
  <testcase classname="zipcodeproject.zipcode.range.ZipCodeRangeTest" name="createZipCodeRangeFromStringWithThreeNumbers" time="0.001"/>
  <testcase classname="zipcodeproject.zipcode.range.ZipCodeRangeTest" name="mergeStartEqualRangeEnd_mergeEndEqualRangeEndPlus25" time="0.002"/>
  <testcase classname="zipcodeproject.zipcode.range.ZipCodeRangeTest" name="createZipCodeRangeFromStringWithOpeningBracket" time="0.001"/>
  <testcase classname="zipcodeproject.zipcode.range.ZipCodeRangeTest" name="createZipCodeRangeFromListWithStartTooLarge" time="0.001"/>
  <testcase classname="zipcodeproject.zipcode.range.ZipCodeRangeTest" name="mergeStartEqualRangeStart_mergeEndEqualRangeStart" time="0.001"/>
  <testcase classname="zipcodeproject.zipcode.range.ZipCodeRangeTest" name="mergeStartEqualRangeEndPlus2_mergeEndEqualRangeEndPlus25" time="0.001"/>
  <testcase classname="zipcodeproject.zipcode.range.ZipCodeRangeTest" name="getToString" time="0.001"/>
  <testcase classname="zipcodeproject.zipcode.range.ZipCodeRangeTest" name="createZipCodeRangeFromArrayFullRange" time="0.001"/>
  <testcase classname="zipcodeproject.zipcode.range.ZipCodeRangeTest" name="createZipCodeRangeFromArrayReversed" time="0"/>
  <testcase classname="zipcodeproject.zipcode.range.ZipCodeRangeTest" name="compareToGreaterThanStart" time="0"/>
  <testcase classname="zipcodeproject.zipcode.range.ZipCodeRangeTest" name="checkMerge_mergeEndEqualRangeStartMinus1" time="0.001"/>
  <testcase classname="zipcodeproject.zipcode.range.ZipCodeRangeTest" name="checkMerge_mergeEndEqualRangeStartMinus2" time="0"/>
  <testcase classname="zipcodeproject.zipcode.range.ZipCodeRangeTest" name="createZipCodeRangeFromListWithNegativeStart" time="0.001"/>
  <testcase classname="zipcodeproject.zipcode.range.ZipCodeRangeTest" name="createZipCodeRangeFromListSingleValue" time="0"/>
  <testcase classname="zipcodeproject.zipcode.range.ZipCodeRangeTest" name="createZipCodeRangeFromStringNoBrackets" time="0.001"/>
  <testcase classname="zipcodeproject.zipcode.range.ZipCodeRangeTest" name="createZipCodeRangeFromListWithNegativeEnd" time="0"/>
  <testcase classname="zipcodeproject.zipcode.range.ZipCodeRangeTest" name="mergeStartBeforeRangeStart_mergeEndAfterRangeStart" time="0.001"/>
  <testcase classname="zipcodeproject.zipcode.range.ZipCodeRangeTest" name="createZipCodeRangeFromStringWithBadFormat1" time="0"/>
  <testcase classname="zipcodeproject.zipcode.range.ZipCodeRangeTest" name="createZipCodeRangeFromStringWithBadFormat2" time="0"/>
  <testcase classname="zipcodeproject.zipcode.range.ZipCodeRangeTest" name="checkMerge_mergeEndEqualRangeEnd" time="0"/>
  <testcase classname="zipcodeproject.zipcode.range.ZipCodeRangeTest" name="createZipCodeRangeFromArrayNull" time="0"/>
  <testcase classname="zipcodeproject.zipcode.range.ZipCodeRangeTest" name="checkMerge_mergeEndEqualRangeStart" time="0"/>
  <testcase classname="zipcodeproject.zipcode.range.ZipCodeRangeTest" name="createZipCodeRangeFromStringWithEndTooLarge" time="0"/>
  <testcase classname="zipcodeproject.zipcode.range.ZipCodeRangeTest" name="createZipCodeRangeFromStringWithBothBrackets" time="0"/>
  <testcase classname="zipcodeproject.zipcode.range.ZipCodeRangeTest" name="checkMerge_rangeStartInMerge" time="0"/>
  <testcase classname="zipcodeproject.zipcode.range.ZipCodeRangeTest" name="mergeStartBeforeRangeStart_mergeEndAfterRangeEnd" time="0"/>
  <testcase classname="zipcodeproject.zipcode.range.ZipCodeRangeTest" name="createCopy" time="0.001"/>
  <testcase classname="zipcodeproject.zipcode.range.ZipCodeRangeTest" name="createZipCodeRangeFromListEmpty" time="0"/>
  <testcase classname="zipcodeproject.zipcode.range.ZipCodeRangeTest" name="createZipCodeRangeFromListReversed" time="0.001"/>
  <testcase classname="zipcodeproject.zipcode.range.ZipCodeRangeTest" name="createZipCodeRangeFromStringWithNull" time="0"/>
  <testcase classname="zipcodeproject.zipcode.range.ZipCodeRangeTest" name="createZipCodeRangeFromStringFullRange" time="0.001"/>
  <testcase classname="zipcodeproject.zipcode.range.ZipCodeRangeTest" name="mergeNull" time="0"/>
  <testcase classname="zipcodeproject.zipcode.range.ZipCodeRangeTest" name="createZipCodeRangeFromStringWithBothBracketsAndWhitespace" time="0.001"/>
  <testcase classname="zipcodeproject.zipcode.range.ZipCodeRangeTest" name="createZipCodeRangeFromArrayThreeNumbers" time="0"/>
  <testcase classname="zipcodeproject.zipcode.range.ZipCodeRangeTest" name="mergeStartEqualRangeStart_mergeEndEqualRangeStartMinus1" time="0.001"/>
  <testcase classname="zipcodeproject.zipcode.range.ZipCodeRangeTest" name="mergeStartEqualRangeStart_mergeEndEqualRangeStartPlus1" time="0"/>
  <testcase classname="zipcodeproject.zipcode.range.ZipCodeRangeTest" name="checkMerge_mergeStartEqualRangeStartMinus2_mergeEndEqualRangeEndPlus1" time="0.001"/>
  <testcase classname="zipcodeproject.zipcode.range.ZipCodeRangeTest" name="createZipCodeRangeFromArrayWithStartTooLarge" time="0"/>
  <testcase classname="zipcodeproject.zipcode.range.ZipCodeRangeTest" name="checkMerge_mergeStartEqualRangeStartMinus1_mergeEndEqualRangeEnd" time="0"/>
  <testcase classname="zipcodeproject.zipcode.range.ZipCodeRangeTest" name="getToStringWithPaddedZeroes" time="0"/>
</testsuite>